Warning: Tag `SYMBOL_CACHE_SIZE' at line 288 of file /home/travis/build/soleti/ElectronNeutrinoSelection/doxyConf has become obsolete.
To avoid this warning please remove this line from your configuration file or upgrade it using "doxygen -u"
Warning: Tag `SHOW_DIRECTORIES' at line 476 of file /home/travis/build/soleti/ElectronNeutrinoSelection/doxyConf has become obsolete.
To avoid this warning please remove this line from your configuration file or upgrade it using "doxygen -u"
Warning: Tag `HTML_ALIGN_MEMBERS' at line 807 of file /home/travis/build/soleti/ElectronNeutrinoSelection/doxyConf has become obsolete.
To avoid this warning please remove this line from your configuration file or upgrade it using "doxygen -u"
Warning: Tag `USE_INLINE_TREES' at line 960 of file /home/travis/build/soleti/ElectronNeutrinoSelection/doxyConf has become obsolete.
To avoid this warning please remove this line from your configuration file or upgrade it using "doxygen -u"
Warning: doxygen no longer ships with the FreeSans font.
You may want to clear or change DOT_FONTNAME.
Otherwise you run the risk that the wrong font is being used for dot generated graphs.
/home/travis/build/soleti/ElectronNeutrinoSelection/electronNeutrinoSelection/PandoraLEEAnalyzer.h:70: warning: Compound lee::PandoraLEEAnalyzer is not documented.
/home/travis/build/soleti/ElectronNeutrinoSelection/electronNeutrinoSelection/GeometryHelper.h:26: warning: Compound lee::GeometryHelper is not documented.
/home/travis/build/soleti/ElectronNeutrinoSelection/electronNeutrinoSelection/HelperBase.h:17: warning: Compound lee::HelperBase is not documented.
/home/travis/build/soleti/ElectronNeutrinoSelection/electronNeutrinoSelection/PandoraInterfaceHelper.h:40: warning: Compound lee::PandoraInterfaceHelper is not documented.
/home/travis/build/soleti/ElectronNeutrinoSelection/electronNeutrinoSelection/EnergyHelper.h:33: warning: Compound lee::EnergyHelper is not documented.
/home/travis/build/soleti/ElectronNeutrinoSelection/electronNeutrinoSelection/ElectronEventSelectionAlg.h:51: warning: Compound lee::ElectronEventSelectionAlg is not documented.
Searching for include files...
Searching for example files...
Searching for images...
Searching for dot files...
Searching for msc files...
Searching for dia files...
Searching for files to exclude
Searching for files to process...
Searching for files in directory /home/travis/build/soleti/ElectronNeutrinoSelection/electronNeutrinoSelection
Reading and parsing tag files
Parsing files
Preprocessing /home/travis/build/soleti/ElectronNeutrinoSelection/electronNeutrinoSelection/ElectronEventSelectionAlg.cxx...
Parsing file /home/travis/build/soleti/ElectronNeutrinoSelection/electronNeutrinoSelection/ElectronEventSelectionAlg.cxx...
Preprocessing /home/travis/build/soleti/ElectronNeutrinoSelection/electronNeutrinoSelection/ElectronEventSelectionAlg.h...
Parsing file /home/travis/build/soleti/ElectronNeutrinoSelection/electronNeutrinoSelection/ElectronEventSelectionAlg.h...
Preprocessing /home/travis/build/soleti/ElectronNeutrinoSelection/electronNeutrinoSelection/EnergyHelper.cxx...
Parsing file /home/travis/build/soleti/ElectronNeutrinoSelection/electronNeutrinoSelection/EnergyHelper.cxx...
Preprocessing /home/travis/build/soleti/ElectronNeutrinoSelection/electronNeutrinoSelection/EnergyHelper.h...
Parsing file /home/travis/build/soleti/ElectronNeutrinoSelection/electronNeutrinoSelection/EnergyHelper.h...
Preprocessing /home/travis/build/soleti/ElectronNeutrinoSelection/electronNeutrinoSelection/GeometryHelper.cxx...
Parsing file /home/travis/build/soleti/ElectronNeutrinoSelection/electronNeutrinoSelection/GeometryHelper.cxx...
Preprocessing /home/travis/build/soleti/ElectronNeutrinoSelection/electronNeutrinoSelection/GeometryHelper.h...
Parsing file /home/travis/build/soleti/ElectronNeutrinoSelection/electronNeutrinoSelection/GeometryHelper.h...
Preprocessing /home/travis/build/soleti/ElectronNeutrinoSelection/electronNeutrinoSelection/HelperBase.h...
Parsing file /home/travis/build/soleti/ElectronNeutrinoSelection/electronNeutrinoSelection/HelperBase.h...
Preprocessing /home/travis/build/soleti/ElectronNeutrinoSelection/electronNeutrinoSelection/PandoraInterfaceHelper.cxx...
Parsing file /home/travis/build/soleti/ElectronNeutrinoSelection/electronNeutrinoSelection/PandoraInterfaceHelper.cxx...
Preprocessing /home/travis/build/soleti/ElectronNeutrinoSelection/electronNeutrinoSelection/PandoraInterfaceHelper.h...
Parsing file /home/travis/build/soleti/ElectronNeutrinoSelection/electronNeutrinoSelection/PandoraInterfaceHelper.h...
Preprocessing /home/travis/build/soleti/ElectronNeutrinoSelection/electronNeutrinoSelection/PandoraLEEAnalyzer.h...
Parsing file /home/travis/build/soleti/ElectronNeutrinoSelection/electronNeutrinoSelection/PandoraLEEAnalyzer.h...
Preprocessing /home/travis/build/soleti/ElectronNeutrinoSelection/electronNeutrinoSelection/PandoraLEEAnalyzer_module.cc...
Parsing file /home/travis/build/soleti/ElectronNeutrinoSelection/electronNeutrinoSelection/PandoraLEEAnalyzer_module.cc...
Building group list...
Building directory list...
Building namespace list...
Building file list...
Building class list...
Associating documentation with classes...
Computing nesting relations for classes...
Building example list...
Searching for enumerations...
Searching for documented typedefs...
Searching for members imported via using declarations...
Searching for included using directives...
Searching for documented variables...
Building interface member list...
Building member list...
Searching for friends...
Searching for documented defines...
Computing class inheritance relations...
Computing class usage relations...
Flushing cached template relations that have become invalid...
Creating members for template instances...
Computing class relations...
Add enum values to enums...
Searching for member function documentation...
Building page list...
Search for main page...
Computing page relations...
Determining the scope of groups...
Sorting lists...
Freeing entry tree
Determining which enums are documented
Computing member relations...
Building full member lists recursively...
Adding members to member groups.
Computing member /home/travis/build/soleti/ElectronNeutrinoSelection/electronNeutrinoSelection/ElectronEventSelectionAlg.h:214: warning: Member get_flash_x() const  (function) of class lee::ElectronEventSelectionAlg is not documented.
/home/travis/build/soleti/ElectronNeutrinoSelection/electronNeutrinoSelection/ElectronEventSelectionAlg.h:218: warning: Member get_TPC_x() const  (function) of class lee::ElectronEventSelectionAlg is not documented.
/home/travis/build/soleti/ElectronNeutrinoSelection/electronNeutrinoSelection/ElectronEventSelectionAlg.h:227: warning: Member _n_neutrino_candidates (variable) of class lee::ElectronEventSelectionAlg is not documented.
/home/travis/build/soleti/ElectronNeutrinoSelection/electronNeutrinoSelection/ElectronEventSelectionAlg.h:228: warning: Member _primary_indexes (variable) of class lee::ElectronEventSelectionAlg is not documented.
/home/travis/build/soleti/ElectronNeutrinoSelection/electronNeutrinoSelection/ElectronEventSelectionAlg.h:229: warning: Member _neutrino_candidate_passed (variable) of class lee::ElectronEventSelectionAlg is not documented.
/home/travis/build/soleti/ElectronNeutrinoSelection/electronNeutrinoSelection/ElectronEventSelectionAlg.h:230: warning: Member _op_flash_indexes (variable) of class lee::ElectronEventSelectionAlg is not documented.
/home/travis/build/soleti/ElectronNeutrinoSelection/electronNeutrinoSelection/ElectronEventSelectionAlg.h:231: warning: Member _neutrino_vertex (variable) of class lee::ElectronEventSelectionAlg is not documented.
/home/travis/build/soleti/ElectronNeutrinoSelection/electronNeutrinoSelection/ElectronEventSelectionAlg.h:232: warning: Member _n_showers (variable) of class lee::ElectronEventSelectionAlg is not documented.
/home/travis/build/soleti/ElectronNeutrinoSelection/electronNeutrinoSelection/ElectronEventSelectionAlg.h:233: warning: Member _pfp_id_showers_from_primary (variable) of class lee::ElectronEventSelectionAlg is not documented.
/home/travis/build/soleti/ElectronNeutrinoSelection/electronNeutrinoSelection/ElectronEventSelectionAlg.h:234: warning: Member _n_tracks (variable) of class lee::ElectronEventSelectionAlg is not documented.
/home/travis/build/soleti/ElectronNeutrinoSelection/electronNeutrinoSelection/ElectronEventSelectionAlg.h:235: warning: Member _pfp_id_tracks_from_primary (variable) of class lee::ElectronEventSelectionAlg is not documented.
/home/travis/build/soleti/ElectronNeutrinoSelection/electronNeutrinoSelection/ElectronEventSelectionAlg.h:237: warning: Member _flash_PE (variable) of class lee::ElectronEventSelectionAlg is not documented.
/home/travis/build/soleti/ElectronNeutrinoSelection/electronNeutrinoSelection/ElectronEventSelectionAlg.h:238: warning: Member _flash_time (variable) of class lee::ElectronEventSelectionAlg is not documented.
/home/travis/build/soleti/ElectronNeutrinoSelection/electronNeutrinoSelection/ElectronEventSelectionAlg.h:240: warning: Member _TPC_x (variable) of class lee::ElectronEventSelectionAlg is not documented.
/home/travis/build/soleti/ElectronNeutrinoSelection/electronNeutrinoSelection/ElectronEventSelectionAlg.h:241: warning: Member _flash_x (variable) of class lee::ElectronEventSelectionAlg is not documented.
/home/travis/build/soleti/ElectronNeutrinoSelection/electronNeutrinoSelection/ElectronEventSelectionAlg.h:247: warning: Member m_nTracks (variable) of class lee::ElectronEventSelectionAlg is not documented.
/home/travis/build/soleti/ElectronNeutrinoSelection/electronNeutrinoSelection/ElectronEventSelectionAlg.h:248: warning: Member m_printDebug (variable) of class lee::ElectronEventSelectionAlg is not documented.
/home/travis/build/soleti/ElectronNeutrinoSelection/electronNeutrinoSelection/ElectronEventSelectionAlg.h:249: warning: Member m_fidvolXstart (variable) of class lee::ElectronEventSelectionAlg is not documented.
/home/travis/build/soleti/ElectronNeutrinoSelection/electronNeutrinoSelection/ElectronEventSelectionAlg.h:250: warning: Member m_fidvolXend (variable) of class lee::ElectronEventSelectionAlg is not documented.
/home/travis/build/soleti/ElectronNeutrinoSelection/electronNeutrinoSelection/ElectronEventSelectionAlg.h:252: warning: Member m_fidvolYstart (variable) of class lee::ElectronEventSelectionAlg is not documented.
/home/travis/build/soleti/ElectronNeutrinoSelection/electronNeutrinoSelection/ElectronEventSelectionAlg.h:253: warning: Member m_fidvolYend (variable) of class lee::ElectronEventSelectionAlg is not documented.
/home/travis/build/soleti/ElectronNeutrinoSelection/electronNeutrinoSelection/ElectronEventSelectionAlg.h:255: warning: Member m_fidvolZstart (variable) of class lee::ElectronEventSelectionAlg is not documented.
/home/travis/build/soleti/ElectronNeutrinoSelection/electronNeutrinoSelection/ElectronEventSelectionAlg.h:256: warning: Member m_fidvolZend (variable) of class lee::ElectronEventSelectionAlg is not documented.
/home/travis/build/soleti/ElectronNeutrinoSelection/electronNeutrinoSelection/ElectronEventSelectionAlg.h:258: warning: Member m_fractionsigmaflashwidth (variable) of class lee::ElectronEventSelectionAlg is not documented.
/home/travis/build/soleti/ElectronNeutrinoSelection/electronNeutrinoSelection/ElectronEventSelectionAlg.h:259: warning: Member m_absoluteflashdist (variable) of class lee::ElectronEventSelectionAlg is not documented.
/home/travis/build/soleti/ElectronNeutrinoSelection/electronNeutrinoSelection/ElectronEventSelectionAlg.h:261: warning: Member m_startbeamtime (variable) of class lee::ElectronEventSelectionAlg is not documented.
/home/travis/build/soleti/ElectronNeutrinoSelection/electronNeutrinoSelection/ElectronEventSelectionAlg.h:262: warning: Member m_endbeamtime (variable) of class lee::ElectronEventSelectionAlg is not documented.
/home/travis/build/soleti/ElectronNeutrinoSelection/electronNeutrinoSelection/ElectronEventSelectionAlg.h:263: warning: Member m_PE_threshold (variable) of class lee::ElectronEventSelectionAlg is not documented.
/home/travis/build/soleti/ElectronNeutrinoSelection/electronNeutrinoSelection/ElectronEventSelectionAlg.h:266: warning: Member m_cut_zwidth (variable) of class lee::ElectronEventSelectionAlg is not documented.
/home/travis/build/soleti/ElectronNeutrinoSelection/electronNeutrinoSelection/ElectronEventSelectionAlg.h:267: warning: Member m_cut_sigzwidth (variable) of class lee::ElectronEventSelectionAlg is not documented.
/home/travis/build/soleti/ElectronNeutrinoSelection/electronNeutrinoSelection/ElectronEventSelectionAlg.h:268: warning: Member m_cut_ywidth (variable) of class lee::ElectronEventSelectionAlg is not documented.
/home/travis/build/soleti/ElectronNeutrinoSelection/electronNeutrinoSelection/ElectronEventSelectionAlg.h:269: warning: Member m_cut_sigywidth (variable) of class lee::ElectronEventSelectionAlg is not documented.
/home/travis/build/soleti/ElectronNeutrinoSelection/electronNeutrinoSelection/ElectronEventSelectionAlg.h:270: warning: Member m_charge_light_ratio (variable) of class lee::ElectronEventSelectionAlg is not documented.
/home/travis/build/soleti/ElectronNeutrinoSelection/electronNeutrinoSelection/ElectronEventSelectionAlg.h:272: warning: Member m_flashmatching (variable) of class lee::ElectronEventSelectionAlg is not documented.
/home/travis/build/soleti/ElectronNeutrinoSelection/electronNeutrinoSelection/ElectronEventSelectionAlg.h:273: warning: Member m_FM_all (variable) of class lee::ElectronEventSelectionAlg is not documented.
/home/travis/build/soleti/ElectronNeutrinoSelection/electronNeutrinoSelection/ElectronEventSelectionAlg.h:274: warning: Member m_isCosmicInTime (variable) of class lee::ElectronEventSelectionAlg is not documented.
/home/travis/build/soleti/ElectronNeutrinoSelection/electronNeutrinoSelection/ElectronEventSelectionAlg.h:281: warning: Member m_pfp_producer (variable) of class lee::ElectronEventSelectionAlg is not documented.
/home/travis/build/soleti/ElectronNeutrinoSelection/electronNeutrinoSelection/ElectronEventSelectionAlg.h:283: warning: Member fOpticalFlashFinderLabel (variable) of class lee::ElectronEventSelectionAlg is not documented.
/home/travis/build/soleti/ElectronNeutrinoSelection/electronNeutrinoSelection/ElectronEventSelectionAlg.h:286: warning: Member geoHelper (variable) of class lee::ElectronEventSelectionAlg is not documented.
/home/travis/build/soleti/ElectronNeutrinoSelection/electronNeutrinoSelection/ElectronEventSelectionAlg.h:289: warning: Member pandoraHelper (variable) of class lee::ElectronEventSelectionAlg is not documented.
/home/travis/build/soleti/ElectronNeutrinoSelection/electronNeutrinoSelection/ElectronEventSelectionAlg.h:291: warning: Member m_mgr (variable) of class lee::ElectronEventSelectionAlg is not documented.
/home/travis/build/soleti/ElectronNeutrinoSelection/electronNeutrinoSelection/ElectronEventSelectionAlg.h:292: warning: Member m_geo (variable) of class lee::ElectronEventSelectionAlg is not documented.
/home/travis/build/soleti/ElectronNeutrinoSelection/electronNeutrinoSelection/ElectronEventSelectionAlg.h:89: warning: argument 'std' of command @param is not found in the argument list of lee::ElectronEventSelectionAlg::flashBasedSelection(const art::Event &evt, const std::vector< size_t > &pfplist, const art::ValidHandle< std::vector< recob::PFParticle >> pfparticle_handle)
/home/travis/build/soleti/ElectronNeutrinoSelection/electronNeutrinoSelection/ElectronEventSelectionAlg.h:89: warning: argument 'vector' of command @param is not found in the argument list of lee::ElectronEventSelectionAlg::flashBasedSelection(const art::Event &evt, const std::vector< size_t > &pfplist, const art::ValidHandle< std::vector< recob::PFParticle >> pfparticle_handle)
/home/travis/build/soleti/ElectronNeutrinoSelection/electronNeutrinoSelection/ElectronEventSelectionAlg.h:89: warning: argument 'size_t' of command @param is not found in the argument list of lee::ElectronEventSelectionAlg::flashBasedSelection(const art::Event &evt, const std::vector< size_t > &pfplist, const art::ValidHandle< std::vector< recob::PFParticle >> pfparticle_handle)
/home/travis/build/soleti/ElectronNeutrinoSelection/electronNeutrinoSelection/ElectronEventSelectionAlg.h:89: warning: The following parameters of lee::ElectronEventSelectionAlg::flashBasedSelection(const art::Event &evt, const std::vector< size_t > &pfplist, const art::ValidHandle< std::vector< recob::PFParticle >> pfparticle_handle) are not documented:
  parameter 'pfplist'
  parameter 'pfparticle_handle'
/home/travis/build/soleti/ElectronNeutrinoSelection/electronNeutrinoSelection/ElectronEventSelectionAlg.h:78: warning: argument 'std' of command @param is not found in the argument list of lee::ElectronEventSelectionAlg::opticalfilter(const art::Event &evt, const std::vector< size_t > &pfplist, const art::ValidHandle< std::vector< recob::PFParticle >> pfparticle_handle)
/home/travis/build/soleti/ElectronNeutrinoSelection/electronNeutrinoSelection/ElectronEventSelectionAlg.h:78: warning: argument 'vector' of command @param is not found in the argument list of lee::ElectronEventSelectionAlg::opticalfilter(const art::Event &evt, const std::vector< size_t > &pfplist, const art::ValidHandle< std::vector< recob::PFParticle >> pfparticle_handle)
/home/travis/build/soleti/ElectronNeutrinoSelection/electronNeutrinoSelection/ElectronEventSelectionAlg.h:78: warning: argument 'size_t' of command @param is not found in the argument list of lee::ElectronEventSelectionAlg::opticalfilter(const art::Event &evt, const std::vector< size_t > &pfplist, const art::ValidHandle< std::vector< recob::PFParticle >> pfparticle_handle)
/home/travis/build/soleti/ElectronNeutrinoSelection/electronNeutrinoSelection/ElectronEventSelectionAlg.h:78: warning: The following parameters of lee::ElectronEventSelectionAlg::opticalfilter(const art::Event &evt, const std::vector< size_t > &pfplist, const art::ValidHandle< std::vector< recob::PFParticle >> pfparticle_handle) are not documented:
  parameter 'pfplist'
  parameter 'pfparticle_handle'
/home/travis/build/soleti/ElectronNeutrinoSelection/electronNeutrinoSelection/EnergyHelper.h:39: warning: Member reconfigure(fhicl::ParameterSet const &pset) (function) of class lee::EnergyHelper is not documented.
/home/travis/build/soleti/ElectronNeutrinoSelection/electronNeutrinoSelection/EnergyHelper.h:51: warning: Member dQdx(const recob::Shower *shower_obj, std::vector< art::Ptr< recob::Cluster >> *clusters, art::FindManyP< recob::Hit > *hits_per_cluster, std::vector< double > &dqdx, std::vector< double > &dqdx_hits, std::vector< double > &pitches) (function) of class lee::EnergyHelper is not documented.
/home/travis/build/soleti/ElectronNeutrinoSelection/electronNeutrinoSelection/EnergyHelper.h:70: warning: Member PID(const std::vector< art::Ptr< anab::ParticleID >> *pids, int trackID, std::string AlgName, anab::kVariableType VariableType, int pdgCode) (function) of class lee::EnergyHelper is not documented.
/home/travis/build/soleti/ElectronNeutrinoSelection/electronNeutrinoSelection/EnergyHelper.h:82: warning: Member dEdx_from_dQdx(std::vector< double > &dedx, std::vector< double > dqdx) (function) of class lee::EnergyHelper is not documented.
/home/travis/build/soleti/ElectronNeutrinoSelection/electronNeutrinoSelection/EnergyHelper.h:92: warning: Member PCA(std::vector< art::Ptr< recob::Cluster >> *clusters, art::FindManyP< recob::Hit > *hits_per_cluster, std::vector< std::vector< double >> &pca_planes) (function) of class lee::EnergyHelper is not documented.
/home/travis/build/soleti/ElectronNeutrinoSelection/electronNeutrinoSelection/EnergyHelper.h:103: warning: Member get_cali(std::vector< art::Ptr< recob::SpacePoint >> *spcpnts, art::FindManyP< recob::Hit > *hits_per_spcpnts, std::vector< double > &cali_corr) (function) of class lee::EnergyHelper is not documented.
/home/travis/build/soleti/ElectronNeutrinoSelection/electronNeutrinoSelection/EnergyHelper.h:115: warning: Member energy_from_hits(std::vector< art::Ptr< recob::Cluster >> *clusters, art::FindManyP< recob::Hit > *hits_per_cluster, std::vector< int > &nHits, std::vector< double > &pfenergy) (function) of class lee::EnergyHelper is not documented.
/home/travis/build/soleti/ElectronNeutrinoSelection/electronNeutrinoSelection/EnergyHelper.h:128: warning: Member cluster_residuals(std::vector< art::Ptr< recob::Cluster >> *clusters, art::FindManyP< recob::Hit > *hits_per_cluster, double &mean_v, double &std_v) (function) of class lee::EnergyHelper is not documented.
/home/travis/build/soleti/ElectronNeutrinoSelection/electronNeutrinoSelection/EnergyHelper.h:140: warning: Member track_dQdx(std::vector< art::Ptr< anab::Calorimetry >> *calos, std::vector< double > &dqdx, std::vector< double > &dedx) (function) of class lee::EnergyHelper is not documented.
/home/travis/build/soleti/ElectronNeutrinoSelection/electronNeutrinoSelection/EnergyHelper.h:150: warning: Member dQdx_cali(const recob::Shower *shower_obj, std::vector< double > &dqdx_cali) (function) of class lee::EnergyHelper is not documented.
/home/travis/build/soleti/ElectronNeutrinoSelection/electronNeutrinoSelection/PandoraInterfaceHelper.h:72: warning: Member get_daughter_tracks(std::vector< size_t > pf_ids, const art::Event &evt, std::vector< art::Ptr< recob::Track >> &tracks, std::string _pfp_producer) (function) of class lee::PandoraInterfaceHelper is not documented.
/home/travis/build/soleti/ElectronNeutrinoSelection/electronNeutrinoSelection/PandoraInterfaceHelper.h:76: warning: Member get_daughter_showers(std::vector< size_t > pf_ids, const art::Event &evt, std::vector< art::Ptr< recob::Shower >> &showers, std::string _pfp_producer) (function) of class lee::PandoraInterfaceHelper is not documented.
/home/travis/build/soleti/ElectronNeutrinoSelection/electronNeutrinoSelection/PandoraInterfaceHelper.h:98: warning: Member Configure(art::Event const &e, std::string _pfp_producer, std::string _spacepoint_producer, std::string _hitfinder_producer, std::string _geant_producer, std::string _hit_mcp_producer) (function) of class lee::PandoraInterfaceHelper is not documented.
/home/travis/build/soleti/ElectronNeutrinoSelection/electronNeutrinoSelection/PandoraInterfaceHelper.h:105: warning: Member TrackIDToMCTruth(art::Event const &e, std::string _geant_producer, int geant_track_id) (function) of class lee::PandoraInterfaceHelper is not documented.
/home/travis/build/soleti/ElectronNeutrinoSelection/electronNeutrinoSelection/PandoraInterfaceHelper.h:58: warning: The following parameters of lee::PandoraInterfaceHelper::calculateChargeCenter(size_t ipf, const art::ValidHandle< std::vector< recob::PFParticle >> pfparticles, const art::Event &evt, std::string _pfp_producer) are not documented:
  parameter '_pfp_producer'
/home/travis/build/soleti/ElectronNeutrinoSelection/electronNeutrinoSelection/PandoraInterfaceHelper.h:91: warning: argument 'e' of command @param is not found in the argument list of lee::PandoraInterfaceHelper::GetRecoToTrueMatches(lar_pandora::PFParticlesToMCParticles &matchedParticles)
/home/travis/build/soleti/ElectronNeutrinoSelection/electronNeutrinoSelection/PandoraInterfaceHelper.h:91: warning: argument '_pfp_producer' of command @param is not found in the argument list of lee::PandoraInterfaceHelper::GetRecoToTrueMatches(lar_pandora::PFParticlesToMCParticles &matchedParticles)
/home/travis/build/soleti/ElectronNeutrinoSelection/electronNeutrinoSelection/PandoraInterfaceHelper.h:91: warning: argument '_spacepoint_producer' of command @param is not found in the argument list of lee::PandoraInterfaceHelper::GetRecoToTrueMatches(lar_pandora::PFParticlesToMCParticles &matchedParticles)
/home/travis/build/soleti/ElectronNeutrinoSelection/electronNeutrinoSelection/PandoraInterfaceHelper.h:91: warning: argument '_hitfinder_producer' of command @param is not found in the argument list of lee::PandoraInterfaceHelper::GetRecoToTrueMatches(lar_pandora::PFParticlesToMCParticles &matchedParticles)
/home/travis/build/soleti/ElectronNeutrinoSelection/electronNeutrinoSelection/PandoraInterfaceHelper.h:91: warning: argument '_geant_producer' of command @param is not found in the argument list of lee::PandoraInterfaceHelper::GetRecoToTrueMatches(lar_pandora::PFParticlesToMCParticles &matchedParticles)
/home/travis/build/soleti/ElectronNeutrinoSelection/electronNeutrinoSelection/PandoraInterfaceHelper.h:46: warning: The following parameters of lee::PandoraInterfaceHelper::traversePFParticleTree(const art::ValidHandle< std::vector< recob::PFParticle >> pfparticles, size_t top_index, std::vector< size_t > &unordered_daugthers, std::string _pfp_producer) are not documented:
  parameter '_pfp_producer'
/home/travis/build/soleti/ElectronNeutrinoSelection/electronNeutrinoSelection/PandoraLEEAnalyzer.h:72: warning: Member PandoraLEEAnalyzer(fhicl::ParameterSet const &pset) (function) of class lee::PandoraLEEAnalyzer is not documented.
/home/travis/build/soleti/ElectronNeutrinoSelection/electronNeutrinoSelection/PandoraLEEAnalyzer.h:78: warning: Member PandoraLEEAnalyzer(PandoraLEEAnalyzer const &)=delete (function) of class lee::PandoraLEEAnalyzer is not documented.
/home/travis/build/soleti/ElectronNeutrinoSelection/electronNeutrinoSelection/PandoraLEEAnalyzer.h:79: warning: Member PandoraLEEAnalyzer(PandoraLEEAnalyzer &&)=delete (function) of class lee::PandoraLEEAnalyzer is not documented.
/home/travis/build/soleti/ElectronNeutrinoSelection/electronNeutrinoSelection/PandoraLEEAnalyzer.h:80: warning: Member operator=(PandoraLEEAnalyzer const &)=delete (function) of class lee::PandoraLEEAnalyzer is not documented.
/home/travis/build/soleti/ElectronNeutrinoSelection/electronNeutrinoSelection/PandoraLEEAnalyzer.h:81: warning: Member operator=(PandoraLEEAnalyzer &&)=delete (function) of class lee::PandoraLEEAnalyzer is not documented.
/home/travis/build/soleti/ElectronNeutrinoSelection/electronNeutrinoSelection/PandoraLEEAnalyzer.h:84: warning: Member analyze(art::Event const &e) override (function) of class lee::PandoraLEEAnalyzer is not documented.
/home/travis/build/soleti/ElectronNeutrinoSelection/electronNeutrinoSelection/PandoraLEEAnalyzer.h:85: warning: Member endSubRun(const art::SubRun &sr) (function) of class lee::PandoraLEEAnalyzer is not documented.
/home/travis/build/soleti/ElectronNeutrinoSelection/electronNeutrinoSelection/PandoraLEEAnalyzer.h:86: warning: Member reconfigure(fhicl::ParameterSet const &pset) override (function) of class lee::PandoraLEEAnalyzer is not documented.
references...
Inheriting documentation...
Generating disk names...
Adding source references...
Adding xrefitems...
Sorting member lists...
Computing dependencies between directories...
Generating citations page...
Counting data structures...
Resolving user defined references...
Finding anchors and sections in the documentation...
Transferring function references...
Combining using relations...
Adding members to index pages...
Generating style sheet...
Generating search indices...
Generating example documentation...
Generating file sources...
Generating code for file /home/travis/build/soleti/ElectronNeutrinoSelection/electronNeutrinoSelection/ElectronEventSelectionAlg.h...
Generating code for file /home/travis/build/soleti/ElectronNeutrinoSelection/electronNeutrinoSelection/EnergyHelper.h...
Generating code for file /home/travis/build/soleti/ElectronNeutrinoSelection/electronNeutrinoSelection/GeometryHelper.h...
Generating code for file /home/travis/build/soleti/ElectronNeutrinoSelection/electronNeutrinoSelection/HelperBase.h...
Generating code for file /home/travis/build/soleti/ElectronNeutrinoSelection/electronNeutrinoSelection/PandoraInterfaceHelper.h...
Generating code for file /home/travis/build/soleti/ElectronNeutrinoSelection/electronNeutrinoSelection/PandoraLEEAnalyzer.h...
Generating file documentation...
Generating page documentation...
Generating group documentation...
Generating class documentation...
Generating namespace index...
Generating docs for compound lee::ElectronEventSelectionAlg...
Generating docs for compound lee::EnergyHelper...
Generating docs for compound lee::GeometryHelper...
Generating docs for compound lee::HelperBase...
Generating docs for compound lee::PandoraInterfaceHelper...
Generating docs for compound lee::PandoraLEEAnalyzer...
Generating graph info page...
Generating directory documentation...
Generating index page...
Generating page index...
Generating module index...
Generating namespace index...
Generating namespace member index...
Generating annotated compound index...
Generating alphabetical compound index...
Generating hierarchical class index...
Generating member index...
Generating file index...
Generating file member index...
Generating example index...
finalizing index lists...
lookup cache used 346/65536 hits=1104 misses=362
finished...
